D:\WORKPLACE\C++\HELLO\DEBUG\MAIN.OBJ
D:\WORKPLACE\C++\HELLO\DEBUG\VC110.PDB
D:\WORKPLACE\C++\HELLO\DEBUG\PRINTF.OBJ
D:\WORKPLACE\C++\HELLO\DEBUG\SCANF.OBJ
D:\WORKPLACE\C++\HELLO\DEBUG\HELLO.ILK
D:\WORKPLACE\C++\HELLO\DEBUG\HELLO.EXE
D:\WORKPLACE\C++\HELLO\DEBUG\HELLO.PDB
D:\workplace\C++\Hello\Debug\main.obj
D:\workplace\C++\Hello\Debug\printf.obj
D:\workplace\C++\Hello\Debug\scanf.obj
D:\workplace\C++\Hello\Debug\Hello.ilk
D:\workplace\C++\Hello\Debug\cl.command.1.tlog
D:\workplace\C++\Hello\Debug\CL.read.1.tlog
D:\workplace\C++\Hello\Debug\CL.write.1.tlog
D:\workplace\C++\Hello\Debug\link-cvtres.read.1.tlog
D:\workplace\C++\Hello\Debug\link-cvtres.write.1.tlog
D:\workplace\C++\Hello\Debug\link-rc.read.1.tlog
D:\workplace\C++\Hello\Debug\link-rc.write.1.tlog
D:\workplace\C++\Hello\Debug\link.13128-cvtres.read.1.tlog
D:\workplace\C++\Hello\Debug\link.13128-cvtres.write.1.tlog
D:\workplace\C++\Hello\Debug\link.13128-rc.read.1.tlog
D:\workplace\C++\Hello\Debug\link.13128-rc.write.1.tlog
D:\workplace\C++\Hello\Debug\link.13128.read.1.tlog
D:\workplace\C++\Hello\Debug\link.13128.write.1.tlog
D:\workplace\C++\Hello\Debug\link.17428-cvtres.read.1.tlog
D:\workplace\C++\Hello\Debug\link.17428-cvtres.write.1.tlog
D:\workplace\C++\Hello\Debug\link.17428-rc.read.1.tlog
D:\workplace\C++\Hello\Debug\link.17428-rc.write.1.tlog
D:\workplace\C++\Hello\Debug\link.17428.read.1.tlog
D:\workplace\C++\Hello\Debug\link.17428.write.1.tlog
D:\workplace\C++\Hello\Debug\link.command.1.tlog
D:\workplace\C++\Hello\Debug\link.read.1.tlog
D:\workplace\C++\Hello\Debug\link.write.1.tlog
D:\workplace\C++\Hello\Debug\vc110.idb
D:\workplace\C++\Hello\Debug\Hello.pdb
D:\workplace\C++\Hello\Debug\vc110.pdb
D:\workplace\C++\Hello\Debug\Hello.exe
